<?xml version="1.0" encoding="UTF-8"?>
<!-- Generated by org.testng.reporters.JUnitReportReporter -->
<testsuite hostname="DESKTOP-K88N4KF" failures="0" tests="1" name="com.WebmathTestCases.TestClass" time="86.151" errors="0" timestamp="2023-02-27T16:56:20 IST" skipped="0">
  <testcase classname="com.WebmathTestCases.TestClass" name="validatefractiontodecimal" time="86.151"/>
  <system-out/>
</testsuite> <!-- com.WebmathTestCases.TestClass -->
